 Enter test number
 Test case  1
 1.0 2.0 3.0 3 3 T F
 0.0E+0 0.0E+0 0.0E+0 0.0E+0 0.0E+0 5 5 T F
 0.0E+0 0.0E+0 0.0E+0 0.0E+0 0.0E+0 0.0E+0 5 6 T F
 4.0 0.0E+0 0.0E+0 0.0E+0 0.0E+0 0.0E+0 1 6 T F
 1.0 2.0 3.0 0.0E+0 0.0E+0 0.0E+0 3 6 T F
 1.0 2.0 3.0 3 3 T F
 4.0 0.0E+0 0.0E+0 1 3 T F
 4.0 0.0E+0 0.0E+0 1 3 T F
 F 0 0 T F
 T 1 1 T T
 Enter test number
 Test case  2
  
 3 3 4 5 GE T 0
           1        2        3
 1  1.0E+000 0.0E+000 0.0E+000
           1        2        3
 2  0.0E+000 2.0E+000 0.0E+000
           1        2        3
 3  0.0E+000 0.0E+000 3.0E+000
  
 3 3 3 3 GE T 2
           1        2        3
 1  1.0E+000 0.0E+000 0.0E+000
           1        2        3
 2  0.0E+000 2.0E+000 0.0E+000
           1        2        3
 3  0.0E+000 0.0E+000 3.0E+000
 Enter test number
 Test case  3
 T 2 3 T 3
 T 2 3 T 2
 T 2 3 T 1
