  
 Enter test number
 Test number  1
 2.0 4.0 6.0 8.0 4 T F
 0.0E+0 0.0E+0 0.0E+0 0.0E+0 4 T F
 -1.0 -2.0 -3.0 -4.0 4 T F
  
 Enter test number
 Test number  2
  
 4 4 7 9 GE T 0
            1         2         3         4
 1   2.0E+000  1.0E+000  1.0E+000  1.0E+000
            1         2         3         4
 2   1.0E+000  3.0E+000  1.0E+000  1.0E+000
            1         2         3         4
 3   1.0E+000  1.0E+000  4.0E+000  1.0E+000
            1         2         3         4
 4   1.0E+000  1.0E+000  1.0E+000  5.0E+000
  
 4 4 7 9 GE T 0
            1         2         3         4
 1   2.0E+000  1.0E+000  1.0E+000  1.0E+000
            1         2         3         4
 2   1.0E+000  3.0E+000  1.0E+000  1.0E+000
            1         2         3         4
 3   1.0E+000  1.0E+000  4.0E+000  1.0E+000
            1         2         3         4
 4   1.0E+000  1.0E+000  1.0E+000  5.0E+000
  
 4 4 7 9 GE T 0
            1         2         3         4
 1   0.0E+000 -1.0E+000 -1.0E+000 -1.0E+000
            1         2         3         4
 2  -1.0E+000  1.0E+000 -1.0E+000 -1.0E+000
            1         2         3         4
 3  -1.0E+000 -1.0E+000  2.0E+000 -1.0E+000
            1         2         3         4
 4  -1.0E+000 -1.0E+000 -1.0E+000  3.0E+000
  
 4 4 7 9 GE T 0
            1         2         3         4
 1   0.0E+000  1.0E+000  1.0E+000  1.0E+000
            1         2         3         4
 2   1.0E+000 -1.0E+000  1.0E+000  1.0E+000
            1         2         3         4
 3   1.0E+000  1.0E+000 -2.0E+000  1.0E+000
            1         2         3         4
 4   1.0E+000  1.0E+000  1.0E+000 -3.0E+000
