  
 Enter test number
 Test number  1
 0.25 0.5 0.75 1.0 4 T F
  
 Enter test number
 Test number  2
 4.0 1.5 0.6666666666666666 0.25 4 T F
 0.25 0.6666666666666666 1.5 4.0 4 T F
  
 Enter test number
 Test number  3
  
 4 2 4 2 GE T 2
            1         2
 1  1.00E+000 1.00E+000
            1         2
 2  5.00E-001 5.00E-001
            1         2
 3  3.33E-001 3.33E-001
            1         2
 4  2.50E-001 2.50E-001
  
 4 2 4 2 GE T 2
            1         2
 1  1.00E+000 5.00E-001
            1         2
 2  1.00E+000 5.00E-001
            1         2
 3  1.00E+000 5.00E-001
            1         2
 4  1.00E+000 5.00E-001
