 Enter test number:
 Test number  1
  
 3 6 3 6 UT T 2
           1        2        3        4        5        6
 1  2.0E+000 0.0E+000 0.0E+000 3.0E+000 0.0E+000 0.0E+000
           1        2        3        4        5        6
 2  0.0E+000 2.0E+000 0.0E+000 0.0E+000 3.0E+000 0.0E+000
           1        2        3        4        5        6
 3  0.0E+000 0.0E+000 2.0E+000 0.0E+000 0.0E+000 3.0E+000
  
 3 7 3 7 GE T 2
           1        2        3        4        5        6        7
 1  1.0E+000 1.0E+000 1.0E+000 1.0E+000 2.0E+000 0.0E+000 0.0E+000
           1        2        3        4        5        6        7
 2  1.0E+000 1.0E+000 1.0E+000 1.0E+000 0.0E+000 2.0E+000 0.0E+000
           1        2        3        4        5        6        7
 3  1.0E+000 1.0E+000 1.0E+000 1.0E+000 0.0E+000 0.0E+000 2.0E+000
  
 3 7 3 7 UT T 2
           1        2        3        4        5        6        7
 1  2.0E+000 0.0E+000 0.0E+000 1.0E+000 1.0E+000 1.0E+000 1.0E+000
           1        2        3        4        5        6        7
 2  0.0E+000 2.0E+000 0.0E+000 1.0E+000 1.0E+000 1.0E+000 1.0E+000
           1        2        3        4        5        6        7
 3  0.0E+000 0.0E+000 2.0E+000 1.0E+000 1.0E+000 1.0E+000 1.0E+000
 Enter test number:
 Test number  2
  
 8 4 8 4 LT T 2
           1        2        3        4
 1  2.0E+000 0.0E+000 0.0E+000 0.0E+000
           1        2        3        4
 2  0.0E+000 2.0E+000 0.0E+000 0.0E+000
           1        2        3        4
 3  0.0E+000 0.0E+000 2.0E+000 0.0E+000
           1        2        3        4
 4  0.0E+000 0.0E+000 0.0E+000 2.0E+000
           1        2        3        4
 5  3.0E+000 0.0E+000 0.0E+000 0.0E+000
           1        2        3        4
 6  0.0E+000 3.0E+000 0.0E+000 0.0E+000
           1        2        3        4
 7  0.0E+000 0.0E+000 3.0E+000 0.0E+000
           1        2        3        4
 8  0.0E+000 0.0E+000 0.0E+000 3.0E+000
  
 7 4 7 4 GE T 2
           1        2        3        4
 1  1.0E+000 1.0E+000 1.0E+000 1.0E+000
           1        2        3        4
 2  1.0E+000 1.0E+000 1.0E+000 1.0E+000
           1        2        3        4
 3  1.0E+000 1.0E+000 1.0E+000 1.0E+000
           1        2        3        4
 4  2.0E+000 0.0E+000 0.0E+000 0.0E+000
           1        2        3        4
 5  0.0E+000 2.0E+000 0.0E+000 0.0E+000
           1        2        3        4
 6  0.0E+000 0.0E+000 2.0E+000 0.0E+000
           1        2        3        4
 7  0.0E+000 0.0E+000 0.0E+000 2.0E+000
  
 7 4 7 4 LT T 2
           1        2        3        4
 1  2.0E+000 0.0E+000 0.0E+000 0.0E+000
           1        2        3        4
 2  0.0E+000 2.0E+000 0.0E+000 0.0E+000
           1        2        3        4
 3  0.0E+000 0.0E+000 2.0E+000 0.0E+000
           1        2        3        4
 4  0.0E+000 0.0E+000 0.0E+000 2.0E+000
           1        2        3        4
 5  1.0E+000 1.0E+000 1.0E+000 1.0E+000
           1        2        3        4
 6  1.0E+000 1.0E+000 1.0E+000 1.0E+000
           1        2        3        4
 7  1.0E+000 1.0E+000 1.0E+000 1.0E+000
