  
 Enter test number
 Test number  1
  
 4 4 4 4 UT T 0
            1         2         3         4
 1  1.00E+000 1.00E+000 1.00E+000 1.00E+000
            1         2         3         4
 2  0.00E+000 1.00E+000 1.00E+000 1.00E+000
            1         2         3         4
 3  0.00E+000 0.00E+000 1.00E+000 1.00E+000
            1         2         3         4
 4  0.00E+000 0.00E+000 0.00E+000 1.00E+000
 0.0E+0
  
 Enter test number
 Test number  2
 3
  
 4 4 4 4 GE T 0
            1         2         3         4
 1  1.00E+000 1.00E+000 1.00E+000 1.00E+000
            1         2         3         4
 2  0.00E+000 1.00E+000 1.00E+000 1.00E+000
            1         2         3         4
 3  0.00E+000 0.00E+000-3.00E+000 3.00E+000
            1         2         3         4
 4  0.00E+000 0.00E+000 0.00E+000 4.00E+000
 3.752418574904767
  
 Enter test number
 Test number  3
 Enter n
 n =  1
 1.4802973661668753E-16
  
 Enter test number
 Test number  3
 Enter n
 n =  100
 1.192263462091979E-16
