  
 Enter test number
 Test number  1
 1 2 3 4
  
 4 4 4 4 LT T 0
            1         2         3         4
 1  1.00E+000 0.00E+000 0.00E+000 0.00E+000
            1         2         3         4
 2  1.00E+000 1.00E+000 0.00E+000 0.00E+000
            1         2         3         4
 3  1.00E+000 1.00E+000 1.00E+000 0.00E+000
            1         2         3         4
 4  1.00E+000 1.00E+000 1.00E+000 1.00E+000
  
 4 4 4 4 UT T 0
            1         2         3         4
 1  1.00E+000 1.00E+000 1.00E+000 1.00E+000
            1         2         3         4
 2  0.00E+000 1.00E+000 1.00E+000 1.00E+000
            1         2         3         4
 3  0.00E+000 0.00E+000 1.00E+000 1.00E+000
            1         2         3         4
 4  0.00E+000 0.00E+000 0.00E+000 1.00E+000
 T
 0.0E+0
 F
  
 0 0 0 0 GE T 0
 Rmat array not associated.
  
 0 0 0 0 GE T 0
 Rmat array not associated.
 F
  
 Enter test number
 Test number  2
 4
 1 2 3 4
  
 4 4 4 4 LT T 0
            1         2         3         4
 1  1.00E+000 0.00E+000 0.00E+000 0.00E+000
            1         2         3         4
 2  1.00E+000 1.00E+000 0.00E+000 0.00E+000
            1         2         3         4
 3  1.00E+000 1.00E+000 1.00E+000 0.00E+000
            1         2         3         4
 4  1.00E+000 1.00E+000 1.00E+000 1.00E+000
  
 4 4 4 4 UT T 0
            1         2         3         4
 1  1.00E+000 1.00E+000 1.00E+000 1.00E+000
            1         2         3         4
 2  0.00E+000 1.00E+000 1.00E+000 1.00E+000
            1         2         3         4
 3  0.00E+000 0.00E+000 1.00E+000 1.00E+000
            1         2         3         4
 4  0.00E+000 0.00E+000 0.00E+000 0.00E+000
 T
 0.0E+0
  
 Enter test number
 Test number  3
 Enter m and n
 m =  1 n =  1
 1
 0.0E+0
  
 Enter test number
 Test number  3
 Enter m and n
 m =  1 n =  5
 1
 0.0E+0
  
  
 Enter test number
 Test number  3
 Enter m and n
 m =  5 n =  1
 1
 0.0E+0
  
 Enter test number
 Test number  3
 Enter m and n
 m =  20 n =  13
 13 12 11 10 9 8 7 8 9 10 11 12 13
 6.1129591598661874E-18
