  
 3 4 4 5 GE T 0
           1        2        3        4
 1  1.0E+000 4.0E+000 7.0E+000 1.0E+001
           1        2        3        4
 2  2.0E+000 5.0E+000 8.0E+000 1.1E+001
           1        2        3        4
 3  3.0E+000 6.0E+000 9.0E+000 1.2E+001
  
 Enter test number
 Test number  1
  
 2 3 2 3 GE T 2
           1        2        3
 1  2.0E+000 5.0E+000 8.0E+000
           1        2        3
 2  3.0E+000 6.0E+000 9.0E+000
  
 3 4 4 5 GE T 0
           1        2        3        4
 1  1.0E+000 4.0E+000 7.0E+000 1.0E+001
           1        2        3        4
 2  2.0E+000 5.0E+000 8.0E+000 1.1E+001
           1        2        3        4
 3  3.0E+000 6.0E+000 9.0E+000 1.2E+001
  
 Enter test number
 Test number  2
  
 3 2 3 2 GE T 2
           1        2
 1  4.0E+000 7.0E+000
           1        2
 2  5.0E+000 8.0E+000
           1        2
 3  6.0E+000 9.0E+000
  
 3 2 3 2 GE T 0
           1        2
 1  4.0E+000 7.0E+000
           1        2
 2  5.0E+000 8.0E+000
           1        2
 3  6.0E+000 9.0E+000
  
 3 1 3 1 GE T 2
           1
 1  4.0E+000
           1
 2  5.0E+000
           1
 3  6.0E+000
  
 3 1 3 1 GE T 0
           1
 1  4.0E+000
           1
 2  5.0E+000
           1
 3  6.0E+000
  
 3 4 4 5 GE T 0
           1        2        3        4
 1  1.0E+000 4.0E+000 7.0E+000 1.0E+001
           1        2        3        4
 2  2.0E+000 5.0E+000 8.0E+000 1.1E+001
           1        2        3        4
 3  3.0E+000 6.0E+000 9.0E+000 1.2E+001
  
 Enter test number
 Test number  3
  
 2 4 2 4 GE T 2
           1        2        3        4
 1  2.0E+000 5.0E+000 8.0E+000 1.1E+001
           1        2        3        4
 2  3.0E+000 6.0E+000 9.0E+000 1.2E+001
  
 2 4 2 4 GE T 0
           1        2        3        4
 1  2.0E+000 5.0E+000 8.0E+000 1.1E+001
           1        2        3        4
 2  3.0E+000 6.0E+000 9.0E+000 1.2E+001
  
 1 4 1 4 GE T 2
           1        2        3        4
 1  2.0E+000 5.0E+000 8.0E+000 1.1E+001
  
 1 4 1 4 GE T 0
           1        2        3        4
 1  2.0E+000 5.0E+000 8.0E+000 1.1E+001
