  
 Enter test number
 Test number  1
  
 4 4 4 4 GE T 0
            1         2         3         4
 1  5.00E-001 5.00E-001 5.00E-001 5.00E-001
            1         2         3         4
 2  5.00E-001 5.00E-001 5.00E-001 5.00E-001
            1         2         3         4
 3  5.00E-001 5.00E-001 5.00E-001 5.00E-001
            1         2         3         4
 4  5.00E-001 5.00E-001 5.00E-001 5.00E-001
  
 Enter test number
 Test number  2
 0.0E+0
 0.0E+0
 0.0E+0
 0.0E+0
 0.0E+0
  
 Enter test number
 Test number  3
 0.0E+0
 0.0E+0
 0.0E+0
 0.0E+0
 0.0E+0
 0.0E+0
  
 Enter test number
 Test number  4
 6.568504945209999E-17
 6.568504945209999E-17
 6.568504945209999E-17
 9.289268786725367E-17
 6.56850495135804E-17
 6.568504945209998E-17
  
 Enter test number
 Test number  5
 2.615942843194202E-16
 2.615942843194202E-16
 2.615942843194202E-16
 2.632332481836979E-16
