  
 5 5 5 5 SP T 0
           1        2        3        4        5
 1  1.0E+000 0.0E+000 0.0E+000 0.0E+000 0.0E+000
           1        2        3        4        5
 2  0.0E+000 1.0E+000 0.0E+000 0.0E+000 0.0E+000
           1        2        3        4        5
 3  0.0E+000 0.0E+000 1.0E+000 0.0E+000 0.0E+000
           1        2        3        4        5
 4  0.0E+000 0.0E+000 0.0E+000 1.0E+000 0.0E+000
           1        2        3        4        5
 5  0.0E+000 0.0E+000 0.0E+000 0.0E+000 1.0E+000
  
 5 5 5 5 SP T 2
           1        2        3        4        5
 1  1.0E+000 0.0E+000 0.0E+000 0.0E+000 0.0E+000
           1        2        3        4        5
 2  0.0E+000 1.0E+000 0.0E+000 0.0E+000 0.0E+000
           1        2        3        4        5
 3  0.0E+000 0.0E+000 1.0E+000 0.0E+000 0.0E+000
           1        2        3        4        5
 4  0.0E+000 0.0E+000 0.0E+000 1.0E+000 0.0E+000
           1        2        3        4        5
 5  0.0E+000 0.0E+000 0.0E+000 0.0E+000 1.0E+000
  
 5 3 5 3 GE T 2
           1        2        3
 1  1.0E+000 0.0E+000 0.0E+000
           1        2        3
 2  0.0E+000 1.0E+000 0.0E+000
           1        2        3
 3  0.0E+000 0.0E+000 1.0E+000
           1        2        3
 4  0.0E+000 0.0E+000 0.0E+000
           1        2        3
 5  0.0E+000 0.0E+000 0.0E+000
  
 3 5 3 5 GE T 2
           1        2        3        4        5
 1  1.0E+000 0.0E+000 0.0E+000 0.0E+000 0.0E+000
           1        2        3        4        5
 2  0.0E+000 1.0E+000 0.0E+000 0.0E+000 0.0E+000
           1        2        3        4        5
 3  0.0E+000 0.0E+000 1.0E+000 0.0E+000 0.0E+000
