  
 Enter test number
 Test number  1
  
 5 5 5 5 GE T 0
           1        2        3        4        5
 1  5.6E-001 2.7E-001 1.6E-001 2.3E-001 5.1E-002
           1        2        3        4        5
 2  6.0E-001 9.9E-001 8.8E-001 3.5E-001 2.9E-001
           1        2        3        4        5
 3  2.1E-001 4.2E-001 6.1E-001 5.6E-001 3.6E-001
           1        2        3        4        5
 4  3.5E-001 4.4E-001 3.4E-002 4.7E-001 4.3E-001
           1        2        3        4        5
 5  8.7E-001 5.4E-001 1.0E-001 6.2E-001 7.9E-001
  
 5 5 5 5 GE T 2
           1        2        3        4        5
 1  2.3E-001 4.4E-001 7.0E-001 7.2E-001 2.4E-001
           1        2        3        4        5
 2  8.4E-001 9.2E-001 8.2E-001 8.5E-001 9.2E-001
           1        2        3        4        5
 3  8.2E-001 5.5E-001 9.9E-001 8.4E-001 6.8E-001
           1        2        3        4        5
 4  4.2E-001 6.0E-001 9.1E-001 6.7E-002 6.3E-001
           1        2        3        4        5
 5  3.8E-001 3.0E-001 9.4E-001 7.0E-001 3.4E-001
  
 5 3 5 3 GE T 2
           1        2        3
 1  2.7E-001 2.2E-001 4.3E-001
           1        2        3
 2  1.1E-001 1.9E-001 8.8E-001
           1        2        3
 3  3.3E-001 2.4E-001 5.7E-001
           1        2        3
 4  6.8E-001 2.6E-001 1.6E-001
           1        2        3
 5  9.0E-001 4.8E-002 8.5E-001
  
 3 5 3 5 GE T 2
           1        2        3        4        5
 1  9.6E-001 2.3E-001 8.2E-001 6.1E-002 8.6E-001
           1        2        3        4        5
 2  6.4E-001 1.4E-001 1.0E-001 9.7E-001 9.2E-001
           1        2        3        4        5
 3  5.0E-001 9.2E-001 6.9E-001 4.8E-001 9.6E-001
  
 Enter test number
 Test number  2
  
 5 5 5 5 GE T 0
           1        2        3        4        5
 1  3.2E-001-1.2E+000-4.5E-001-1.4E-001 1.5E-001
           1        2        3        4        5
 2 -1.3E+000 2.9E-001 4.4E-001-3.4E-001-5.8E-001
           1        2        3        4        5
 3  6.6E-001-4.8E-001 1.6E+000 3.1E-001 1.2E+000
           1        2        3        4        5
 4  8.4E-001-6.3E-001 3.3E-001-4.4E-001 9.6E-001
           1        2        3        4        5
 5 -5.4E-001-2.3E+000 1.5E+000-1.0E+000-4.3E-003
  
 5 5 5 5 GE T 2
           1        2        3        4        5
 1  1.3E+000-7.9E-001 7.6E-001-2.9E-001 7.3E-001
           1        2        3        4        5
 2  6.5E-001-3.4E-001-2.8E-001-1.3E+000-9.9E-001
           1        2        3        4        5
 3  7.7E-001-2.2E+000 1.6E+000-1.3E+000 1.1E+000
           1        2        3        4        5
 4  1.8E+000-1.2E+000 2.1E+000-5.9E-001-9.8E-001
           1        2        3        4        5
 5 -3.3E-001-1.2E+000 1.8E+000 3.7E-001 3.7E-001
  
 5 3 5 3 GE T 2
           1        2        3
 1 -3.3E-001-2.9E-001 2.0E-001
           1        2        3
 2  3.0E-001-1.3E+000 5.3E-001
           1        2        3
 3  6.0E-001-3.5E-001-5.2E-001
           1        2        3
 4 -5.3E-002 2.2E-002 6.0E-001
           1        2        3
 5  1.5E+000 9.1E-001 7.3E-001
  
 3 5 3 5 GE T 2
           1        2        3        4        5
 1  5.6E-001-1.3E+000-1.5E+000 1.4E+000 9.0E-001
           1        2        3        4        5
 2  2.8E-001 1.5E+000-5.0E-001-1.5E-001 1.7E+000
           1        2        3        4        5
 3 -9.7E-001-9.2E-001 4.7E-001-1.8E+000 1.4E-001
