  
 Enter test number
 Test number  1
  
 2 3 2 3 GE T 0
            1         2         3
 1  2.00E+000 3.00E+000 4.00E+000
            1         2         3
 2  3.00E+000 4.00E+000 5.00E+000
  
 2 3 2 3 GE T 2
            1         2         3
 1  2.00E+000 3.00E+000 4.00E+000
            1         2         3
 2  3.00E+000 4.00E+000 5.00E+000
  
 2 3 2 3 GE T 0
            1         2         3
 1  2.00E+000 3.00E+000 4.00E+000
            1         2         3
 2  3.00E+000 4.00E+000 5.00E+000
  
 2 2 2 3 GE T 0
            1         2
 1  2.00E+000 3.00E+000
            1         2
 2  3.00E+000 4.00E+000
  
 2 2 2 3 GE T 0
            1         2
 1  2.00E+000 3.00E+000
            1         2
 2  3.00E+000 4.00E+000
  
            1         2         3
 1  2.00E+000 3.00E+000 0.00E+000
            1         2         3
 2  3.00E+000 4.00E+000 0.00E+000
  
 1 1 1 1 GE T 2
            1
 1  5.00E+000
  
 Enter test number
 Test number  2
  
 2 3 2 3 GE T 0
            1         2         3
 1  0.00E+000 0.00E+000 0.00E+000
            1         2         3
 2  0.00E+000 0.00E+000 0.00E+000
  
 4 3 4 3 GE T 2
           1        2        3
 1  0.0E+000 0.0E+000 0.0E+000
           1        2        3
 2  0.0E+000 0.0E+000 0.0E+000
           1        2        3
 3  0.0E+000 0.0E+000 0.0E+000
           1        2        3
 4  0.0E+000 0.0E+000 0.0E+000
 T
  
 0 0 3 4 GE T 0
  
 2 3 3 4 GE T 0
            1         2         3
 1  0.00E+000 0.00E+000 0.00E+000
            1         2         3
 2  0.00E+000 0.00E+000 0.00E+000
 F
  
 0 0 0 0 GE T 0
 Rmat array not associated.
  
 4 3 4 3 GE T 2
           1        2        3
 1  0.0E+000 0.0E+000 0.0E+000
           1        2        3
 2  0.0E+000 0.0E+000 0.0E+000
           1        2        3
 3  0.0E+000 0.0E+000 0.0E+000
           1        2        3
 4  0.0E+000 0.0E+000 0.0E+000
  
 Enter test number
 Test number  3
  
 4 5 4 5 GE T 0
            1         2         3         4         5
 1  0.00E+000 0.00E+000 0.00E+000 0.00E+000 0.00E+000
            1         2         3         4         5
 2  0.00E+000 0.00E+000 0.00E+000 0.00E+000 0.00E+000
            1         2         3         4         5
 3  0.00E+000 0.00E+000 0.00E+000 0.00E+000 0.00E+000
            1         2         3         4         5
 4  0.00E+000 0.00E+000 0.00E+000 0.00E+000 0.00E+000
  
 Enter test number
 Test number  4
  
 2 3 2 3 GE T 4
            1         2         3
 1  0.00E+000 0.00E+000 0.00E+000
            1         2         3
 2  0.00E+000 0.00E+000 0.00E+000
  
 2 3 2 3 GE T 3
            1         2         3
 1  0.00E+000 0.00E+000 0.00E+000
            1         2         3
 2  0.00E+000 0.00E+000 0.00E+000
