  
 Enter test number
 Test number  1
  
           1        2        3
 1  2.0E+000 3.0E+000 4.0E+000
           1        2        3
 2  3.0E+000 4.0E+000 5.0E+000
           1        2        3
 3  4.0E+000 5.0E+000 6.0E+000
  
              1           2           3           4           5           6
 1  2.0000E+000 3.0000E+000 4.0000E+000 5.0000E+000 6.0000E+000 7.0000E+000
              7           8           9          10          11          12
    8.0000E+000 9.0000E+000 1.0000E+001 1.1000E+001 1.2000E+001 1.3000E+001
             13          14          15          16          17          18
    1.4000E+001 1.5000E+001 1.6000E+001 1.7000E+001 1.8000E+001 1.9000E+001
             19          20
    2.0000E+001 2.1000E+001
              1           2           3           4           5           6
 2  3.0000E+000 4.0000E+000 5.0000E+000 6.0000E+000 7.0000E+000 8.0000E+000
              7           8           9          10          11          12
    9.0000E+000 1.0000E+001 1.1000E+001 1.2000E+001 1.3000E+001 1.4000E+001
             13          14          15          16          17          18
    1.5000E+001 1.6000E+001 1.7000E+001 1.8000E+001 1.9000E+001 2.0000E+001
             19          20
    2.1000E+001 2.2000E+001
              1           2           3           4           5           6
 3  4.0000E+000 5.0000E+000 6.0000E+000 7.0000E+000 8.0000E+000 9.0000E+000
              7           8           9          10          11          12
    1.0000E+001 1.1000E+001 1.2000E+001 1.3000E+001 1.4000E+001 1.5000E+001
             13          14          15          16          17          18
    1.6000E+001 1.7000E+001 1.8000E+001 1.9000E+001 2.0000E+001 2.1000E+001
             19          20
    2.2000E+001 2.3000E+001
              1           2           3           4           5           6
 4  5.0000E+000 6.0000E+000 7.0000E+000 8.0000E+000 9.0000E+000 1.0000E+001
              7           8           9          10          11          12
    1.1000E+001 1.2000E+001 1.3000E+001 1.4000E+001 1.5000E+001 1.6000E+001
             13          14          15          16          17          18
    1.7000E+001 1.8000E+001 1.9000E+001 2.0000E+001 2.1000E+001 2.2000E+001
             19          20
    2.3000E+001 2.4000E+001
              1           2           3           4           5           6
 5  6.0000E+000 7.0000E+000 8.0000E+000 9.0000E+000 1.0000E+001 1.1000E+001
              7           8           9          10          11          12
    1.2000E+001 1.3000E+001 1.4000E+001 1.5000E+001 1.6000E+001 1.7000E+001
             13          14          15          16          17          18
    1.8000E+001 1.9000E+001 2.0000E+001 2.1000E+001 2.2000E+001 2.3000E+001
             19          20
    2.4000E+001 2.5000E+001
  
 Enter test number
 Test number  2
  
 4 5 4 5 GE T 0
           1        2        3        4        5
 1  2.0E+000 3.0E+000 4.0E+000 5.0E+000 6.0E+000
           1        2        3        4        5
 2  3.0E+000 4.0E+000 5.0E+000 6.0E+000 7.0E+000
           1        2        3        4        5
 3  4.0E+000 5.0E+000 6.0E+000 7.0E+000 8.0E+000
           1        2        3        4        5
 4  5.0E+000 6.0E+000 7.0E+000 8.0E+000 9.0E+000
  
 Enter test number
 Test number  3
  
 This is a test
 4 5 4 5 GE T 0
           1        2        3        4        5
 1  2.0E+000 3.0E+000 4.0E+000 5.0E+000 6.0E+000
           1        2        3        4        5
 2  3.0E+000 4.0E+000 5.0E+000 6.0E+000 7.0E+000
           1        2        3        4        5
 3  4.0E+000 5.0E+000 6.0E+000 7.0E+000 8.0E+000
           1        2        3        4        5
 4  5.0E+000 6.0E+000 7.0E+000 8.0E+000 9.0E+000
  
 Enter test number
 Test number  4
  
 Test temp variable
 4 5 4 5 GE T 2
           1        2        3        4        5
 1  2.0E+000 3.0E+000 4.0E+000 5.0E+000 6.0E+000
           1        2        3        4        5
 2  3.0E+000 4.0E+000 5.0E+000 6.0E+000 7.0E+000
           1        2        3        4        5
 3  4.0E+000 5.0E+000 6.0E+000 7.0E+000 8.0E+000
           1        2        3        4        5
 4  5.0E+000 6.0E+000 7.0E+000 8.0E+000 9.0E+000
