  
 Enter test number
 Test number  1
  
 2 3 3 4 GE T 0
            1         2         3
 1  1.00E+000 1.00E+000 1.00E+000
            1         2         3
 2  1.00E+000 1.00E+000 1.00E+000
  
 2 3 2 3 GE T 0
            1         2         3
 1  2.00E+000 2.00E+000 2.00E+000
            1         2         3
 2  2.00E+000 2.00E+000 2.00E+000
  
 2 3 2 3 GE T 0
            1         2         3
 1  2.00E+000 2.00E+000 2.00E+000
            1         2         3
 2  2.00E+000 2.00E+000 2.00E+000
  
 2 3 2 3 GE T 0
            1         2         3
 1  2.00E+000 2.00E+000 2.00E+000
            1         2         3
 2  2.00E+000 2.00E+000 2.00E+000
  
 Enter test number
 Test number  2
  
 2 2 3 3 GE T 0
            1         2
 1  6.00E+000 6.00E+000
            1         2
 2  1.20E+001 1.20E+001
  
 2 2 3 3 GE T 0
            1         2
 1  6.00E+000 6.00E+000
            1         2
 2  1.20E+001 1.20E+001
  
 3 3 3 3 GE T 0
            1         2         3
 1  3.00E+000 3.00E+000 3.00E+000
            1         2         3
 2  6.00E+000 6.00E+000 6.00E+000
            1         2         3
 3  9.00E+000 9.00E+000 9.00E+000
  
 2 3 3 3 GE T 0
            1         2         3
 1  3.00E+000 3.00E+000 3.00E+000
            1         2         3
 2  6.00E+000 6.00E+000 6.00E+000
  
 2 3 3 3 GE T 0
            1         2         3
 1  3.00E+000 3.00E+000 3.00E+000
            1         2         3
 2  6.00E+000 6.00E+000 6.00E+000
  
 5 5 5 5 GE T 0
            1         2         3         4         5
 1  0.00E+000 0.00E+000 0.00E+000 0.00E+000 0.00E+000
            1         2         3         4         5
 2  0.00E+000 0.00E+000 0.00E+000 0.00E+000 0.00E+000
            1         2         3         4         5
 3  0.00E+000 0.00E+000 0.00E+000 0.00E+000 0.00E+000
            1         2         3         4         5
 4  0.00E+000 0.00E+000 0.00E+000 0.00E+000 0.00E+000
            1         2         3         4         5
 5  0.00E+000 0.00E+000 0.00E+000 0.00E+000 0.00E+000
  
 0 0 5 5 GE T 0
  
 Enter test number
 Test number  3
  
 3 3 3 3 GE T 0
            1         2         3
 1  8.00E+000 8.00E+000 8.00E+000
            1         2         3
 2  8.00E+000 8.00E+000 8.00E+000
            1         2         3
 3  8.00E+000 8.00E+000 8.00E+000
  
 2 2 3 3 GE T 0
            1         2
 1  6.00E+000 9.00E+000
            1         2
 2  1.20E+001 1.80E+001
  
 3 3 3 3 GE T 0
            1         2         3
 1  8.00E+000 8.00E+000 8.00E+000
            1         2         3
 2  8.00E+000 8.00E+000 8.00E+000
            1         2         3
 3  8.00E+000 8.00E+000 8.00E+000
  
 2 2 3 3 GE T 0
            1         2
 1  6.00E+000 9.00E+000
            1         2
 2  1.20E+001 1.80E+001
  
 0 0 3 3 GE T 0
  
 5 5 5 5 GE T 0
            1         2         3         4         5
 1  0.00E+000 0.00E+000 0.00E+000 0.00E+000 0.00E+000
            1         2         3         4         5
 2  0.00E+000 0.00E+000 0.00E+000 0.00E+000 0.00E+000
            1         2         3         4         5
 3  0.00E+000 0.00E+000 0.00E+000 0.00E+000 0.00E+000
            1         2         3         4         5
 4  0.00E+000 0.00E+000 0.00E+000 0.00E+000 0.00E+000
            1         2         3         4         5
 5  0.00E+000 0.00E+000 0.00E+000 0.00E+000 0.00E+000
  
 Enter test number
 Test number  4
  
 3 3 3 3 SP T 0
            1         2         3
 1  5.00E+000 5.00E+000 5.00E+000
            1         2         3
 2  5.00E+000 5.00E+000 5.00E+000
            1         2         3
 3  5.00E+000 5.00E+000 5.00E+000
  
 2 2 3 3 SP T 0
            1         2
 1  3.00E+000 6.00E+000
            1         2
 2  6.00E+000 1.20E+001
  
 3 3 3 3 SP T 0
            1         2         3
 1  5.00E+000 5.00E+000 5.00E+000
            1         2         3
 2  5.00E+000 5.00E+000 5.00E+000
            1         2         3
 3  5.00E+000 5.00E+000 5.00E+000
  
 2 2 3 3 SP T 0
            1         2
 1  3.00E+000 6.00E+000
            1         2
 2  6.00E+000 1.20E+001
  
 0 0 3 3 GE T 0
  
 5 5 5 5 GE T 0
            1         2         3         4         5
 1  0.00E+000 0.00E+000 0.00E+000 0.00E+000 0.00E+000
            1         2         3         4         5
 2  0.00E+000 0.00E+000 0.00E+000 0.00E+000 0.00E+000
            1         2         3         4         5
 3  0.00E+000 0.00E+000 0.00E+000 0.00E+000 0.00E+000
            1         2         3         4         5
 4  0.00E+000 0.00E+000 0.00E+000 0.00E+000 0.00E+000
            1         2         3         4         5
 5  0.00E+000 0.00E+000 0.00E+000 0.00E+000 0.00E+000
