  
 Enter test number
 Test number  1
  
 3 6 3 6 GE T 0
            1         2         3         4         5         6
 1  2.00E+000 3.00E+000 4.00E+000 5.00E+000 2.00E+000 2.00E+000
            1         2         3         4         5         6
 2  3.00E+000 4.00E+000 5.00E+000 6.00E+000 2.00E+000 2.00E+000
            1         2         3         4         5         6
 3  4.00E+000 5.00E+000 6.00E+000 7.00E+000 2.00E+000 2.00E+000
 0.0E+0
  
 Enter test number
 Test number  2
  
 5 4 5 4 LT T 0
            1         2         3         4
 1  1.00E+000 1.00E+000 1.00E+000 1.00E+000
            1         2         3         4
 2  1.00E+000 1.00E+000 1.00E+000 1.00E+000
            1         2         3         4
 3  1.00E+000 1.00E+000 1.00E+000 1.00E+000
            1         2         3         4
 4  2.00E+000 2.00E+000 2.00E+000 2.00E+000
            1         2         3         4
 5  2.00E+000 2.00E+000 2.00E+000 2.00E+000
 0.0E+0
