 Enter m and n
 m =  50 n =  100
 2.344922791607589E-15
 1.2792158793711705E-14
 1.2908912692418874E-14
 1.6458863168814185E-13
 1.2792158793711705E-14
 1.456042700455513E-14
 2.344922791607589E-15
 1.2792158793711705E-14
 1.2908912692418874E-14
 2.344922791607589E-15
 1.2792158793711705E-14
 1.2908912692418874E-14
 Enter m and n
 m =  100 n =  50
 3.0581108419652135E-15
 1.407887123401305E-14
 1.4313540622796004E-14
 2.146468450181517E-13
 1.5645542356092985E-14
 1.4313540622796004E-14
 3.0581108419652135E-15
 1.407887123401305E-14
 1.4313540622796004E-14
 3.0581108419652135E-15
 1.407887123401305E-14
 1.4313540622796004E-14
