  
 Enter test number
 Test number  1
 n =  50
 3.705452014461788E-15 T
 2.224613278138286E-14
  
 Enter test number
 Test number  2
 n =  7
 1.959686194337088E-15 F
 4.428523779387351E-15
 (1.3730275438454087,2.444590655664602) (1.3730275438454087,-2.444590655664602)
 (1.85759455834194,0.0E+0) (-0.9837744820151303,1.4505411031060397)
 (-0.9837744820151303,-1.4505411031060397) (-0.6988004208733352,0.36731040112645735)
 (-0.6988004208733352,-0.36731040112645735)
 Enter i1,i2
 i1 =  2 i2 =  6
 2.118786736911317E-15 F
 4.439772518630588E-15
 1 6
 (1.857594609260559,0.0E+0) (-0.9837744832038879,1.4505411386489868)
 (-0.9837744832038879,-1.4505411386489868) (-0.6988004446029663,0.36731040477752685)
 (-0.6988004446029663,-0.36731040477752685) (1.3730275630950927,2.4445905685424804)
 (1.3730275630950927,-2.4445905685424804)
