  
 4 2 4 2 GE T 0
           1        2
 1  2.0E+000 2.0E+000
           1        2
 2  3.0E+000 3.0E+000
           1        2
 3  4.0E+000 4.0E+000
           1        2
 4  1.0E+000 1.0E+000
  
 4 2 4 2 GE T 0
           1        2
 1  1.0E+000 1.0E+000
           1        2
 2  2.0E+000 2.0E+000
           1        2
 3  3.0E+000 3.0E+000
           1        2
 4  4.0E+000 4.0E+000
  
 2 4 2 4 GE T 0
           1        2        3        4
 1  2.0E+000 3.0E+000 4.0E+000 1.0E+000
           1        2        3        4
 2  2.0E+000 3.0E+000 4.0E+000 1.0E+000
  
 2 4 2 4 GE T 0
           1        2        3        4
 1  1.0E+000 2.0E+000 3.0E+000 4.0E+000
           1        2        3        4
 2  1.0E+000 2.0E+000 3.0E+000 4.0E+000
