  
 Enter test number
 Test number  1
  
 2 3 2 3 GE T 0
            1         2         3
 1  2.00E+000 3.00E+000 4.00E+000
            1         2         3
 2  3.00E+000 4.00E+000 5.00E+000
  
 2 3 2 3 GE T 0
            1         2         3
 1  0.00E+000-1.00E+000-2.00E+000
            1         2         3
 2  1.00E+000 0.00E+000-1.00E+000
  
 2 3 2 3 GE T 0
            1         2         3
 1  2.00E+000 2.00E+000 2.00E+000
            1         2         3
 2  4.00E+000 4.00E+000 4.00E+000
  
 2 3 2 3 GE T 0
            1         2         3
 1  2.00E+000 4.00E+000 6.00E+000
            1         2         3
 2  2.00E+000 4.00E+000 6.00E+000
  
 2 3 2 3 GE T 0
            1         2         3
 1 -2.00E+000-3.00E+000-4.00E+000
            1         2         3
 2 -3.00E+000-4.00E+000-5.00E+000
  
 Enter test number
 Test number  2
  
 2 3 2 3 GE T 0
            1         2         3
 1  2.00E+000 2.00E+000 2.00E+000
            1         2         3
 2  4.00E+000 4.00E+000 4.00E+000
  
 2 3 2 3 GE T 0
            1         2         3
 1  2.00E+000 3.00E+000 4.00E+000
            1         2         3
 2  3.00E+000 4.00E+000 5.00E+000
  
 2 3 2 3 GE T 0
            1         2         3
 1 -2.00E+000-3.00E+000-4.00E+000
            1         2         3
 2 -3.00E+000-4.00E+000-5.00E+000
  
 Enter test number
 Test number  3
  
 2 3 2 3 GE T 0
            1         2         3
 1  0.00E+000-1.00E+000-2.00E+000
            1         2         3
 2  1.00E+000 0.00E+000-1.00E+000
  
 2 3 2 3 GE T 0
            1         2         3
 1  0.00E+000 0.00E+000 0.00E+000
            1         2         3
 2  0.00E+000 0.00E+000 0.00E+000
