  
 3 4 4 5 GE T 0
            1         2         3         4
 1  2.00E+000 5.00E+000 1.00E+001 1.70E+001
            1         2         3         4
 2  3.00E+000 6.00E+000 1.10E+001 1.80E+001
            1         2         3         4
 3  4.00E+000 7.00E+000 1.20E+001 1.90E+001
  
 4 3 4 3 GE T 2
            1         2         3
 1  2.00E+000 3.00E+000 4.00E+000
            1         2         3
 2  5.00E+000 6.00E+000 7.00E+000
            1         2         3
 3  1.00E+001 1.10E+001 1.20E+001
            1         2         3
 4  1.70E+001 1.80E+001 1.90E+001
  
 5 0 7 3 GE T 0
  
 0 5 0 5 GE T 2
  
 0 3 7 3 GE T 0
  
 3 0 3 0 GE T 2
